Arguments: 
  /Users/thanhtu/.nvm/versions/node/v8.11.2/bin/node /Users/thanhtu/.yarn/bin/yarn.js

PATH: 
  /Users/thanhtu/.yarn/bin:/Users/thanhtu/Library/Android/sdk/tools:/Users/thanhtu/Library/Android/sdk/platform-tools:/Applications/android-ndk:/Users/thanhtu/.cargo/bin:/Users/thanhtu/.npm-packages/bin:/Users/thanhtu/.cargo/bin:/Users/thanhtu/.rvm/gems/ruby-2.4.0/bin:/Users/thanhtu/.rvm/gems/ruby-2.4.0@global/bin:/Users/thanhtu/.rvm/rubies/ruby-2.4.0/bin:/opt/local/bin:/opt/local/sbin:/Users/thanhtu/perl5/perlbrew/bin:/Users/thanhtu/.yarn/bin:/Users/thanhtu/.nvm/versions/node/v8.11.2/bin:/Users/thanhtu/Library/Android/sdk/tools:/Users/thanhtu/Library/Android/sdk/platform-tools:/Applications/android-ndk:/Users/thanhtu/MyProjects/Nodejs/reactjs/Clingme/scala-2.9.1:/opt/local/bin:/opt/local/sbin:/Users/thanhtu/.rbenv/shims:/opt/local/bin:/opt/local/sbin:/Users/thanhtu/.rbenv/bin:/usr/local/bin:/usr/local/bin:/usr/bin:/bin:/usr/sbin:/sbin:/usr/local/go/bin:/opt/X11/bin:/Library/Frameworks/Mono.framework/Versions/Current/Commands:/Users/thanhtu/MyProjects/Nodejs/reactjs/Clingme/play-2.0.4:/Users/thanhtu/go-workspace/bin:/usr/local/opt/go/libexec/bin:/Users/thanhtu/.rvm/bin:/Applications/spark-2.3.0-bin-hadoop2.7/bin:/Users/thanhtu/.rvm/bin:/Users/thanhtu/go-workspace/bin:/usr/local/opt/go/libexec/bin:/Users/thanhtu/.rvm/bin:/Applications/spark-2.3.0-bin-hadoop2.7/bin

Yarn version: 
  1.5.1

Node version: 
  8.11.2

Platform: 
  darwin x64

npm manifest: 
  {
    "name": "Fabric-tuna-app",
    "version": "1.0.0",
    "description": "Hyperledger Fabric MOOC Sample Application",
    "main": "index.js",
    "scripts": {
      "start": "nodemon index.js",
      "register": "node register.js",
      "enroll": "node enroll.js",
      "test": "echo \"Error: no test specified\" && exit 1"
    },
    "dependencies": {
      "commander": "^2.11.0",
      "angular": "^1.4.3",
      "body-parser": "latest",
      "cors": "^2.8.4",
      "ejs": "latest",
      "express": "latest",
      "fabric-ca-client": "^1.0.5",
      "fabric-client": "^1.0.5",
      "grpc": "^1.6.0",
      "x509": "^0.3.3"
    },
    "license": "Apache-2.0",
    "keywords": [
      "Hyperledger",
      "Fabric",
      "Oceans",
      "Tuna",
      "Fishing",
      "Sample",
      "Application"
    ]
  }

yarn manifest: 
  No manifest

Lockfile: 
  No lockfile

Trace: 
  Error: /Users/thanhtu/MyProjects/Blockchain/server/node_modules/x509: Command failed.
  Exit code: 1
  Command: sh
  Arguments: -c node-gyp rebuild
  Directory: /Users/thanhtu/MyProjects/Blockchain/server/node_modules/x509
  Output:
  gyp info it worked if it ends with ok
  gyp info using node-gyp@3.6.2
  gyp info using node@8.11.2 | darwin | x64
  gyp ERR! configure error 
  gyp ERR! stack Error: Python executable "/usr/local/bin/python" is v3.5.2, which is not supported by gyp.
  gyp ERR! stack You can pass the --python switch to point to Python >= v2.5.0 & < 3.0.0.
  gyp ERR! stack     at PythonFinder.failPythonVersion (/Users/thanhtu/.nvm/versions/node/v8.11.2/lib/node_modules/npm/node_modules/node-gyp/lib/configure.js:492:19)
  gyp ERR! stack     at PythonFinder.<anonymous> (/Users/thanhtu/.nvm/versions/node/v8.11.2/lib/node_modules/npm/node_modules/node-gyp/lib/configure.js:474:14)
  gyp ERR! stack     at ChildProcess.exithandler (child_process.js:267:7)
  gyp ERR! stack     at emitTwo (events.js:126:13)
  gyp ERR! stack     at ChildProcess.emit (events.js:214:7)
  gyp ERR! stack     at maybeClose (internal/child_process.js:925:16)
  gyp ERR! stack     at Socket.stream.socket.on (internal/child_process.js:346:11)
  gyp ERR! stack     at emitOne (events.js:116:13)
  gyp ERR! stack     at Socket.emit (events.js:211:7)
  gyp ERR! stack     at Pipe._handle.close [as _onclose] (net.js:557:12)
  gyp ERR! System Darwin 17.5.0
  gyp ERR! command "/Users/thanhtu/.nvm/versions/node/v8.11.2/bin/node" "/Users/thanhtu/.nvm/versions/node/v8.11.2/lib/node_modules/npm/node_modules/node-gyp/bin/node-gyp.js" "rebuild"
  gyp ERR! cwd /Users/thanhtu/MyProjects/Blockchain/server/node_modules/x509
  gyp ERR! node -v v8.11.2
  gyp ERR! node-gyp -v v3.6.2
  gyp ERR! not ok
      at ProcessTermError.MessageError (/Users/thanhtu/.yarn/lib/cli.js:186:110)
      at new ProcessTermError (/Users/thanhtu/.yarn/lib/cli.js:226:113)
      at ChildProcess.<anonymous> (/Users/thanhtu/.yarn/lib/cli.js:30281:17)
      at emitTwo (events.js:126:13)
      at ChildProcess.emit (events.js:214:7)
      at maybeClose (internal/child_process.js:925:16)
      at Socket.stream.socket.on (internal/child_process.js:346:11)
      at emitOne (events.js:116:13)
      at Socket.emit (events.js:211:7)
      at Pipe._handle.close [as _onclose] (net.js:557:12)
